c:\users\lanceton\documents\visual studio 2013\projects\comsci344final\comsci344final\debug\vc120.pdb
c:\users\lanceton\documents\visual studio 2013\projects\comsci344final\comsci344final\debug\vc120.idb
c:\users\lanceton\documents\visual studio 2013\projects\comsci344final\comsci344final\debug\debrisemitter.obj
c:\users\lanceton\documents\visual studio 2013\projects\comsci344final\comsci344final\debug\flameemitter.obj
c:\users\lanceton\documents\visual studio 2013\projects\comsci344final\comsci344final\debug\flashemitter.obj
c:\users\lanceton\documents\visual studio 2013\projects\comsci344final\comsci344final\debug\imageio.obj
c:\users\lanceton\documents\visual studio 2013\projects\comsci344final\comsci344final\debug\localgraphicslib.obj
c:\users\lanceton\documents\visual studio 2013\projects\comsci344final\comsci344final\debug\main.obj
c:\users\lanceton\documents\visual studio 2013\projects\comsci344final\comsci344final\debug\node.obj
c:\users\lanceton\documents\visual studio 2013\projects\comsci344final\comsci344final\debug\object.obj
c:\users\lanceton\documents\visual studio 2013\projects\comsci344final\comsci344final\debug\particlesystem.obj
c:\users\lanceton\documents\visual studio 2013\projects\comsci344final\comsci344final\debug\player.obj
c:\users\lanceton\documents\visual studio 2013\projects\comsci344final\comsci344final\debug\shockwaveemitter.obj
c:\users\lanceton\documents\visual studio 2013\projects\comsci344final\debug\comsci344final.ilk
c:\users\lanceton\documents\visual studio 2013\projects\comsci344final\debug\comsci344final.exe
c:\users\lanceton\documents\visual studio 2013\projects\comsci344final\debug\comsci344final.pdb
c:\users\lanceton\documents\visual studio 2013\projects\comsci344final\comsci344final\debug\comsci344final.tlog\cl.command.1.tlog
c:\users\lanceton\documents\visual studio 2013\projects\comsci344final\comsci344final\debug\comsci344final.tlog\cl.read.1.tlog
c:\users\lanceton\documents\visual studio 2013\projects\comsci344final\comsci344final\debug\comsci344final.tlog\cl.write.1.tlog
c:\users\lanceton\documents\visual studio 2013\projects\comsci344final\comsci344final\debug\comsci344final.tlog\link.command.1.tlog
c:\users\lanceton\documents\visual studio 2013\projects\comsci344final\comsci344final\debug\comsci344final.tlog\link.read.1.tlog
c:\users\lanceton\documents\visual studio 2013\projects\comsci344final\comsci344final\debug\comsci344final.tlog\link.write.1.tlog
